# JRE version: Java(TM) SE Runtime Environment (15.0+36) (build 15+36-1562)
# Java VM: Java HotSpot(TM) 64-Bit Server VM (15+36-1562, mixed mode, sharing, tiered, compressed oops, g1 gc, windows-amd64)
GC Precious Log:
 CPUs: 8 total, 8 available
 Memory: 16264M
 Large Page Support: Disabled
 NUMA Support: Disabled
 Compressed Oops: Enabled (32-bit)
 Heap Region Size: 1M
 Heap Min Capacity: 256M
 Heap Initial Capacity: 256M
 Heap Max Capacity: 512M
 Pre-touch: Disabled
 Parallel Workers: 8
 Concurrent Workers: 2
 Concurrent Refinement Workers: 8
 Periodic GC: Disabled
Heap:
 garbage-first heap   total 524288K, used 382223K [0x00000000e0000000, 0x0000000100000000)
  region size 1024K, 180 young (184320K), 8 survivors (8192K)
 Metaspace       used 109246K, capacity 112031K, committed 112168K, reserved 352256K
  class space    used 13177K, capacity 14008K, committed 14028K, reserved 253952K
GC Heap History (20 events):
Event: 520.914 GC heap before
{Heap before GC invocations=102 (full 0):
 garbage-first heap   total 524288K, used 436224K [0x00000000e0000000, 0x0000000100000000)
  region size 1024K, 212 young (217088K), 14 survivors (14336K)
 Metaspace       used 108688K, capacity 111419K, committed 111656K, reserved 352256K
  class space    used 13107K, capacity 13937K, committed 14028K, reserved 253952K
}
Event: 520.924 GC heap after
{Heap after GC invocations=103 (full 0):
 garbage-first heap   total 524288K, used 234496K [0x00000000e0000000, 0x0000000100000000)
  region size 1024K, 15 young (15360K), 15 survivors (15360K)
 Metaspace       used 108688K, capacity 111419K, committed 111656K, reserved 352256K
  class space    used 13107K, capacity 13937K, committed 14028K, reserved 253952K
}
Event: 520.954 GC heap before
{Heap before GC invocations=103 (full 0):
 garbage-first heap   total 524288K, used 244736K [0x00000000e0000000, 0x0000000100000000)
  region size 1024K, 25 young (25600K), 15 survivors (15360K)
 Metaspace       used 108688K, capacity 111419K, committed 111656K, reserved 352256K
  class space    used 13107K, capacity 13937K, committed 14028K, reserved 253952K
}
Event: 520.982 GC heap after
{Heap after GC invocations=104 (full 0):
 garbage-first heap   total 524288K, used 209568K [0x00000000e0000000, 0x0000000100000000)
  region size 1024K, 3 young (3072K), 3 survivors (3072K)
 Metaspace       used 108688K, capacity 111419K, committed 111656K, reserved 352256K
  class space    used 13107K, capacity 13937K, committed 14028K, reserved 253952K
}
Event: 521.539 GC heap before
{Heap before GC invocations=104 (full 0):
 garbage-first heap   total 524288K, used 437920K [0x00000000e0000000, 0x0000000100000000)
  region size 1024K, 227 young (232448K), 3 survivors (3072K)
 Metaspace       used 108937K, capacity 111737K, committed 111912K, reserved 352256K
  class space    used 13149K, capacity 13974K, committed 14028K, reserved 253952K
}
Event: 521.550 GC heap after
{Heap after GC invocations=105 (full 0):
 garbage-first heap   total 524288K, used 215125K [0x00000000e0000000, 0x0000000100000000)
  region size 1024K, 9 young (9216K), 9 survivors (9216K)
 Metaspace       used 108937K, capacity 111737K, committed 111912K, reserved 352256K
  class space    used 13149K, capacity 13974K, committed 14028K, reserved 253952K
}
Event: 522.140 GC heap before
{Heap before GC invocations=106 (full 0):
 garbage-first heap   total 524288K, used 437333K [0x00000000e0000000, 0x0000000100000000)
  region size 1024K, 227 young (232448K), 9 survivors (9216K)
 Metaspace       used 109043K, capacity 111801K, committed 111912K, reserved 352256K
  class space    used 13166K, capacity 13974K, committed 14028K, reserved 253952K
}
Event: 522.153 GC heap after
{Heap after GC invocations=107 (full 0):
 garbage-first heap   total 524288K, used 223389K [0x00000000e0000000, 0x0000000100000000)
  region size 1024K, 17 young (17408K), 17 survivors (17408K)
 Metaspace       used 109043K, capacity 111801K, committed 111912K, reserved 352256K
  class space    used 13166K, capacity 13974K, committed 14028K, reserved 253952K
}
Event: 522.641 GC heap before
{Heap before GC invocations=107 (full 0):
 garbage-first heap   total 524288K, used 437405K [0x00000000e0000000, 0x0000000100000000)
  region size 1024K, 227 young (232448K), 17 survivors (17408K)
 Metaspace       used 109111K, capacity 111865K, committed 112168K, reserved 352256K
  class space    used 13168K, capacity 13974K, committed 14028K, reserved 253952K
}
Event: 522.655 GC heap after
{Heap after GC invocations=108 (full 0):
 garbage-first heap   total 524288K, used 232082K [0x00000000e0000000, 0x0000000100000000)
  region size 1024K, 20 young (20480K), 20 survivors (20480K)
 Metaspace       used 109111K, capacity 111865K, committed 112168K, reserved 352256K
  class space    used 13168K, capacity 13974K, committed 14028K, reserved 253952K
}
Event: 523.308 GC heap before
{Heap before GC invocations=109 (full 0):
 garbage-first heap   total 524288K, used 442002K [0x00000000e0000000, 0x0000000100000000)
  region size 1024K, 224 young (229376K), 20 survivors (20480K)
 Metaspace       used 109180K, capacity 111967K, committed 112168K, reserved 352256K
  class space    used 13176K, capacity 14008K, committed 14028K, reserved 253952K
}
Event: 523.322 GC heap after
{Heap after GC invocations=110 (full 0):
 garbage-first heap   total 524288K, used 231002K [0x00000000e0000000, 0x0000000100000000)
  region size 1024K, 14 young (14336K), 14 survivors (14336K)
 Metaspace       used 109180K, capacity 111967K, committed 112168K, reserved 352256K
  class space    used 13176K, capacity 14008K, committed 14028K, reserved 253952K
}
Event: 523.748 GC heap before
{Heap before GC invocations=110 (full 0):
 garbage-first heap   total 524288K, used 440922K [0x00000000e0000000, 0x0000000100000000)
  region size 1024K, 220 young (225280K), 14 survivors (14336K)
 Metaspace       used 109216K, capacity 111967K, committed 112168K, reserved 352256K
  class space    used 13176K, capacity 14008K, committed 14028K, reserved 253952K
}
Event: 523.757 GC heap after
{Heap after GC invocations=111 (full 0):
 garbage-first heap   total 524288K, used 230106K [0x00000000e0000000, 0x0000000100000000)
  region size 1024K, 13 young (13312K), 13 survivors (13312K)
 Metaspace       used 109216K, capacity 111967K, committed 112168K, reserved 352256K
  class space    used 13176K, capacity 14008K, committed 14028K, reserved 253952K
}
Event: 524.422 GC heap before
{Heap before GC invocations=112 (full 0):
 garbage-first heap   total 524288K, used 444122K [0x00000000e0000000, 0x0000000100000000)
  region size 1024K, 223 young (228352K), 13 survivors (13312K)
 Metaspace       used 109222K, capacity 111967K, committed 112168K, reserved 352256K
  class space    used 13176K, capacity 14008K, committed 14028K, reserved 253952K
}
Event: 524.430 GC heap after
{Heap after GC invocations=113 (full 0):
 garbage-first heap   total 524288K, used 227395K [0x00000000e0000000, 0x0000000100000000)
  region size 1024K, 11 young (11264K), 11 survivors (11264K)
 Metaspace       used 109222K, capacity 111967K, committed 112168K, reserved 352256K
  class space    used 13176K, capacity 14008K, committed 14028K, reserved 253952K
}
Event: 524.472 GC heap before
{Heap before GC invocations=113 (full 0):
 garbage-first heap   total 524288K, used 241731K [0x00000000e0000000, 0x0000000100000000)
  region size 1024K, 25 young (25600K), 11 survivors (11264K)
 Metaspace       used 109222K, capacity 111967K, committed 112168K, reserved 352256K
  class space    used 13176K, capacity 14008K, committed 14028K, reserved 253952K
}
Event: 524.495 GC heap after
{Heap after GC invocations=114 (full 0):
 garbage-first heap   total 524288K, used 200805K [0x00000000e0000000, 0x0000000100000000)
  region size 1024K, 2 young (2048K), 2 survivors (2048K)
 Metaspace       used 109222K, capacity 111967K, committed 112168K, reserved 352256K
  class space    used 13176K, capacity 14008K, committed 14028K, reserved 253952K
}
Event: 525.105 GC heap before
{Heap before GC invocations=114 (full 0):
 garbage-first heap   total 524288K, used 409701K [0x00000000e0000000, 0x0000000100000000)
  region size 1024K, 207 young (211968K), 2 survivors (2048K)
 Metaspace       used 109234K, capacity 112031K, committed 112168K, reserved 352256K
  class space    used 13176K, capacity 14008K, committed 14028K, reserved 253952K
}
Event: 525.117 GC heap after
{Heap after GC invocations=115 (full 0):
 garbage-first heap   total 524288K, used 207119K [0x00000000e0000000, 0x0000000100000000)
  region size 1024K, 8 young (8192K), 8 survivors (8192K)
 Metaspace       used 109234K, capacity 112031K, committed 112168K, reserved 352256K
  class space    used 13176K, capacity 14008K, committed 14028K, reserved 253952K
}

